<?xml version="1.0" encoding="UTF-8"?>
<testsuite xmlns:xsi="http://www.w3.org/2001/XMLSchema-instance" xsi:noNamespaceSchemaLocation="https://maven.apache.org/surefire/maven-surefire-plugin/xsd/surefire-test-report.xsd" version="3.0.2" name="com.wrath.GeoGet.GeoGetApplicationTests" time="6.254" tests="1" errors="0" skipped="0" failures="0">
  <properties>
[...]
</properties>
  <testcase name="contextLoads" classname="com.wrath.GeoGet.GeoGetApplicationTests" time="1.216">
    <system-out><![CDATA[16:11:45.878 [main] INFO org.springframework.test.context.support.AnnotationConfigContextLoaderUtils -- Could not detect default configuration classes for test class [com.wrath.GeoGet.GeoGetApplicationTests]: GeoGetApplicationTests does not declare any static, non-private, non-final, nested classes annotated with @Configuration.
16:11:46.123 [main] INFO org.springframework.boot.test.context.SpringBootTestContextBootstrapper -- Found @SpringBootConfiguration com.wrath.GeoGet.GeoGetApplication for test class com.wrath.GeoGet.GeoGetApplicationTests
16:11:46.491 [main] INFO org.springframework.boot.devtools.restart.RestartApplicationListener -- Restart disabled due to context in which it is running

  .   ____          _            __ _ _
 /\\ / ___'_ __ _ _(_)_ __  __ _ \ \ \ \
( ( )\___ | '_ | '_| | '_ \/ _` | \ \ \ \
 \\/  ___)| |_)| | | | | || (_| |  ) ) ) )
  '  |____| .__|_| |_|_| |_\__, | / / / /
 =========|_|==============|___/=/_/_/_/

 :: Spring Boot ::                (v3.5.6)

2025-10-20T16:11:47.019+01:00  INFO 93569 --- [GeoGet] [           main] c.wrath.GeoGet.GeoGetApplicationTests    : Starting GeoGetApplicationTests using Java 17.0.16 with PID 93569 (started by urusnoire in /media/urusnoire/USB STICK/GeoGet)
2025-10-20T16:11:47.023+01:00  INFO 93569 --- [GeoGet] [           main] c.wrath.GeoGet.GeoGetApplicationTests    : No active profile set, falling back to 1 default profile: "default"
2025-10-20T16:11:50.626+01:00  INFO 93569 --- [GeoGet] [           main] c.wrath.GeoGet.GeoGetApplicationTests    : Started GeoGetApplicationTests in 4.151 seconds (process running for 5.903)
]]></system-out>
  </testcase>
</testsuite>